==98173== Memcheck, a memory error detector
==98173== Copyright (C) 2002-2017, and GNU GPL'd, by Julian Seward et al.
==98173== Using Valgrind-3.15.0 and LibVEX; rerun with -h for copyright info
==98173== Command: ./pipex infile grep\ one wc outfile
==98173== 
==98173== 
==98173== HEAP SUMMARY:
==98173==     in use at exit: 304 bytes in 24 blocks
==98173==   total heap usage: 54 allocs, 30 frees, 5,030 bytes allocated
==98173== 
==98173== 3 bytes in 1 blocks are still reachable in loss record 1 of 4
==98173==    at 0x483B7F3: malloc (in /usr/lib/x86_64-linux-gnu/valgrind/vgpreload_memcheck-amd64-linux.so)
==98173==    by 0x10A0F7: fill (ft_split.c:72)
==98173==    by 0x10A23B: ft_split (ft_split.c:100)
==98173==    by 0x109858: get_command (get_commands.c:21)
==98173==    by 0x1093BB: reset_data_and_get_commands (pipex.c:44)
==98173==    by 0x10956A: main (pipex.c:96)
==98173== 
==98173== 5 bytes in 1 blocks are still reachable in loss record 2 of 4
==98173==    at 0x483B7F3: malloc (in /usr/lib/x86_64-linux-gnu/valgrind/vgpreload_memcheck-amd64-linux.so)
==98173==    by 0x10A0F7: fill (ft_split.c:72)
==98173==    by 0x10A23B: ft_split (ft_split.c:100)
==98173==    by 0x109858: get_command (get_commands.c:21)
==98173==    by 0x1093A0: reset_data_and_get_commands (pipex.c:43)
==98173==    by 0x10956A: main (pipex.c:96)
==98173== 
==98173== 148 bytes in 11 blocks are definitely lost in loss record 3 of 4
==98173==    at 0x483B7F3: malloc (in /usr/lib/x86_64-linux-gnu/valgrind/vgpreload_memcheck-amd64-linux.so)
==98173==    by 0x10A0F7: fill (ft_split.c:72)
==98173==    by 0x10A23B: ft_split (ft_split.c:100)
==98173==    by 0x109B3F: find_paths (find_command_paths.c:84)
==98173==    by 0x109580: main (pipex.c:97)
==98173== 
==98173== 148 bytes in 11 blocks are definitely lost in loss record 4 of 4
==98173==    at 0x483B7F3: malloc (in /usr/lib/x86_64-linux-gnu/valgrind/vgpreload_memcheck-amd64-linux.so)
==98173==    by 0x10A0F7: fill (ft_split.c:72)
==98173==    by 0x10A23B: ft_split (ft_split.c:100)
==98173==    by 0x109B5C: find_paths (find_command_paths.c:85)
==98173==    by 0x109580: main (pipex.c:97)
==98173== 
==98173== LEAK SUMMARY:
==98173==    definitely lost: 296 bytes in 22 blocks
==98173==    indirectly lost: 0 bytes in 0 blocks
==98173==      possibly lost: 0 bytes in 0 blocks
==98173==    still reachable: 8 bytes in 2 blocks
==98173==         suppressed: 0 bytes in 0 blocks
==98173== 
==98173== ERROR SUMMARY: 2 errors from 2 contexts (suppressed: 0 from 0)